{
    "level": "info",
    "message": "HTTP REST API Server is now running at http://localhost:9001"
}
{
    "level": "info",
    "message": "HTTP REST API Server is now running at http://localhost:9001"
}
{
    "level": "info",
    "message": "HTTP REST API Server is now running at http://localhost:9001"
}
{
    "level": "info",
    "message": "HTTP REST API Server is now running at http://localhost:9001"
}
{
    "level": "info",
    "message": "HTTP REST API Server is now running at http://localhost:9001"
}
{
    "level": "info",
    "message": "HTTP REST API Server is now running at http://localhost:9001"
}
{
    "level": "info",
    "message": "HTTP REST API Server is now running at http://localhost:9001"
}
{
    "level": "info",
    "message": "HTTP REST API Server is now running at http://localhost:9001"
}
{
    "level": "error",
    "message": "Error during datasource initialization. The server does not support SSL connections",
    "stack": "Error: The server does not support SSL connections\n    at Socket.<anonymous> (C:\\GITHUB\\Typescript_REST_API\\node_modules\\pg\\lib\\connection.js:76:37)\n    at Object.onceWrapper (node:events:628:26)\n    at Socket.emit (node:events:513:28)\n    at addChunk (node:internal/streams/readable:324:12)\n    at readableAddChunk (node:internal/streams/readable:297:9)\n    at Readable.push (node:internal/streams/readable:234:10)\n    at TCP.onStreamRead (node:internal/stream_base_commons:190:23)"
}
{
    "level": "error",
    "message": "Error during datasource initialization. The server does not support SSL connections",
    "stack": "Error: The server does not support SSL connections\n    at Socket.<anonymous> (C:\\GITHUB\\Typescript_REST_API\\node_modules\\pg\\lib\\connection.js:76:37)\n    at Object.onceWrapper (node:events:628:26)\n    at Socket.emit (node:events:513:28)\n    at addChunk (node:internal/streams/readable:324:12)\n    at readableAddChunk (node:internal/streams/readable:297:9)\n    at Readable.push (node:internal/streams/readable:234:10)\n    at TCP.onStreamRead (node:internal/stream_base_commons:190:23)"
}
{
    "level": "error",
    "message": "Error during datasource initialization. The server does not support SSL connections",
    "stack": "Error: The server does not support SSL connections\n    at Socket.<anonymous> (C:\\GITHUB\\Typescript_REST_API\\node_modules\\pg\\lib\\connection.js:76:37)\n    at Object.onceWrapper (node:events:628:26)\n    at Socket.emit (node:events:513:28)\n    at addChunk (node:internal/streams/readable:324:12)\n    at readableAddChunk (node:internal/streams/readable:297:9)\n    at Readable.push (node:internal/streams/readable:234:10)\n    at TCP.onStreamRead (node:internal/stream_base_commons:190:23)"
}
{
    "code": "3D000",
    "file": "postinit.c",
    "length": 98,
    "level": "error",
    "line": "943",
    "message": "Error during datasource initialization. database \"PostgreSQL 15\" does not exist",
    "name": "error",
    "routine": "InitPostgres",
    "severity": "FATAL",
    "stack": "error: database \"PostgreSQL 15\" does not exist\n    at Parser.parseErrorMessage (C:\\GITHUB\\Typescript_REST_API\\node_modules\\pg-protocol\\dist\\parser.js:287:98)\n    at Parser.handlePacket (C:\\GITHUB\\Typescript_REST_API\\node_modules\\pg-protocol\\dist\\parser.js:126:29)\n    at Parser.parse (C:\\GITHUB\\Typescript_REST_API\\node_modules\\pg-protocol\\dist\\parser.js:39:38)\n    at Socket.<anonymous> (C:\\GITHUB\\Typescript_REST_API\\node_modules\\pg-protocol\\dist\\index.js:11:42)\n    at Socket.emit (node:events:513:28)\n    at addChunk (node:internal/streams/readable:324:12)\n    at readableAddChunk (node:internal/streams/readable:297:9)\n    at Readable.push (node:internal/streams/readable:234:10)\n    at TCP.onStreamRead (node:internal/stream_base_commons:190:23)"
}
{
    "code": "3D000",
    "file": "postinit.c",
    "length": 98,
    "level": "error",
    "line": "943",
    "message": "Error during datasource initialization. database \"PostgreSQL 15\" does not exist",
    "name": "error",
    "routine": "InitPostgres",
    "severity": "FATAL",
    "stack": "error: database \"PostgreSQL 15\" does not exist\n    at Parser.parseErrorMessage (C:\\GITHUB\\Typescript_REST_API\\node_modules\\pg-protocol\\dist\\parser.js:287:98)\n    at Parser.handlePacket (C:\\GITHUB\\Typescript_REST_API\\node_modules\\pg-protocol\\dist\\parser.js:126:29)\n    at Parser.parse (C:\\GITHUB\\Typescript_REST_API\\node_modules\\pg-protocol\\dist\\parser.js:39:38)\n    at Socket.<anonymous> (C:\\GITHUB\\Typescript_REST_API\\node_modules\\pg-protocol\\dist\\index.js:11:42)\n    at Socket.emit (node:events:513:28)\n    at addChunk (node:internal/streams/readable:324:12)\n    at readableAddChunk (node:internal/streams/readable:297:9)\n    at Readable.push (node:internal/streams/readable:234:10)\n    at TCP.onStreamRead (node:internal/stream_base_commons:190:23)"
}
{
    "code": "3D000",
    "file": "postinit.c",
    "length": 99,
    "level": "error",
    "line": "943",
    "message": "Error during datasource initialization. database \"PostgresSQL 15\" does not exist",
    "name": "error",
    "routine": "InitPostgres",
    "severity": "FATAL",
    "stack": "error: database \"PostgresSQL 15\" does not exist\n    at Parser.parseErrorMessage (C:\\GITHUB\\Typescript_REST_API\\node_modules\\pg-protocol\\dist\\parser.js:287:98)\n    at Parser.handlePacket (C:\\GITHUB\\Typescript_REST_API\\node_modules\\pg-protocol\\dist\\parser.js:126:29)\n    at Parser.parse (C:\\GITHUB\\Typescript_REST_API\\node_modules\\pg-protocol\\dist\\parser.js:39:38)\n    at Socket.<anonymous> (C:\\GITHUB\\Typescript_REST_API\\node_modules\\pg-protocol\\dist\\index.js:11:42)\n    at Socket.emit (node:events:513:28)\n    at addChunk (node:internal/streams/readable:324:12)\n    at readableAddChunk (node:internal/streams/readable:297:9)\n    at Readable.push (node:internal/streams/readable:234:10)\n    at TCP.onStreamRead (node:internal/stream_base_commons:190:23)"
}
{
    "level": "info",
    "message": "The database has been initialized successfully."
}
{
    "level": "info",
    "message": "HTTP REST API Server is now running at http://localhost:9001"
}
{
    "level": "info",
    "message": "The database has been initialized successfully."
}
{
    "level": "info",
    "message": "HTTP REST API Server is now running at http://localhost:9001"
}
{
    "level": "info",
    "message": "The database has been initialized successfully."
}
{
    "level": "info",
    "message": "HTTP REST API Server is now running at http://localhost:9001"
}
{
    "level": "info",
    "message": "The database has been initialized successfully."
}
{
    "level": "info",
    "message": "HTTP REST API Server is now running at http://localhost:9001"
}
{
    "level": "info",
    "message": "The database has been initialized successfully."
}
{
    "level": "info",
    "message": "HTTP REST API Server is now running at http://localhost:9001"
}
{
    "level": "info",
    "message": "The database has been initialized successfully."
}
{
    "level": "info",
    "message": "HTTP REST API Server is now running at http://localhost:9001"
}
{
    "level": "info",
    "message": "The database has been initialized successfully."
}
{
    "level": "info",
    "message": "HTTP REST API Server is now running at http://localhost:9001"
}
{
    "level": "info",
    "message": "The database has been initialized successfully."
}
{
    "level": "info",
    "message": "HTTP REST API Server is now running at http://localhost:9001"
}
{
    "level": "info",
    "message": "The database has been initialized successfully."
}
{
    "level": "info",
    "message": "HTTP REST API Server is now running at http://localhost:9001"
}
{
    "level": "info",
    "message": "The database has been initialized successfully."
}
{
    "level": "info",
    "message": "HTTP REST API Server is now running at http://localhost:9001"
}
{
    "level": "info",
    "message": "The database has been initialized successfully."
}
{
    "level": "info",
    "message": "HTTP REST API Server is now running at http://localhost:9001"
}
{
    "level": "info",
    "message": "The database has been initialized successfully."
}
{
    "level": "info",
    "message": "HTTP REST API Server is now running at http://localhost:9001"
}
{
    "level": "info",
    "message": "The database has been initialized successfully."
}
{
    "level": "info",
    "message": "HTTP REST API Server is now running at http://localhost:9001"
}
{
    "level": "info",
    "message": "The database has been initialized successfully."
}
{
    "level": "info",
    "message": "HTTP REST API Server is now running at http://localhost:9001"
}
{
    "level": "info",
    "message": "The database has been initialized successfully."
}
{
    "level": "info",
    "message": "HTTP REST API Server is now running at http://localhost:9001"
}
{
    "level": "info",
    "message": "The database has been initialized successfully."
}
{
    "level": "info",
    "message": "HTTP REST API Server is now running at http://localhost:9001"
}
{
    "level": "info",
    "message": "The database has been initialized successfully."
}
{
    "level": "info",
    "message": "HTTP REST API Server is now running at http://localhost:9001"
}
{
    "level": "info",
    "message": "The database has been initialized successfully."
}
{
    "level": "info",
    "message": "HTTP REST API Server is now running at http://localhost:9001"
}
{
    "level": "info",
    "message": "The database has been initialized successfully."
}
{
    "level": "info",
    "message": "HTTP REST API Server is now running at http://localhost:9001"
}
{
    "level": "info",
    "message": "The database has been initialized successfully."
}
{
    "level": "info",
    "message": "HTTP REST API Server is now running at http://localhost:9001"
}
{
    "level": "debug",
    "message": "Called getAllCourses()"
}
{
    "level": "info",
    "message": "The database has been initialized successfully."
}
{
    "level": "info",
    "message": "HTTP REST API Server is now running at http://localhost:9001"
}
{
    "level": "debug",
    "message": "Called getAllCourses()"
}
{
    "level": "info",
    "message": "The database has been initialized successfully."
}
{
    "level": "info",
    "message": "HTTP REST API Server is now running at http://localhost:9001"
}
{
    "level": "info",
    "message": "The database has been initialized successfully."
}
{
    "level": "info",
    "message": "HTTP REST API Server is now running at http://localhost:9001"
}
{
    "level": "info",
    "message": "The database has been initialized successfully."
}
{
    "level": "info",
    "message": "HTTP REST API Server is now running at http://localhost:9001"
}
{
    "level": "info",
    "message": "The database has been initialized successfully."
}
{
    "level": "info",
    "message": "HTTP REST API Server is now running at http://localhost:9001"
}
{
    "level": "info",
    "message": "The database has been initialized successfully."
}
{
    "level": "info",
    "message": "HTTP REST API Server is now running at http://localhost:9001"
}
{
    "level": "info",
    "message": "The database has been initialized successfully."
}
{
    "level": "info",
    "message": "HTTP REST API Server is now running at http://localhost:9001"
}
{
    "level": "debug",
    "message": "Called getAllCourses()"
}
{
    "level": "debug",
    "message": "Called getAllCourses()"
}
{
    "level": "info",
    "message": "The database has been initialized successfully."
}
{
    "level": "info",
    "message": "HTTP REST API Server is now running at http://localhost:9001"
}
{
    "level": "info",
    "message": "The database has been initialized successfully."
}
{
    "level": "info",
    "message": "HTTP REST API Server is now running at http://localhost:9001"
}
{
    "level": "debug",
    "message": "Called getAllCourses()"
}
{
    "level": "error",
    "message": "Error calling getAllCourses()"
}
{
    "error": "Thrown ERROR",
    "level": "error",
    "message": "Default error handler triggered; reason: "
}
{
    "level": "info",
    "message": "The database has been initialized successfully."
}
{
    "level": "info",
    "message": "HTTP REST API Server is now running at http://localhost:9001"
}
{
    "level": "info",
    "message": "The database has been initialized successfully."
}
{
    "level": "info",
    "message": "HTTP REST API Server is now running at http://localhost:9001"
}
{
    "level": "debug",
    "message": "Called getAllCourses()"
}
{
    "level": "debug",
    "message": "Called getAllCourses()"
}
{
    "level": "info",
    "message": "The database has been initialized successfully."
}
{
    "level": "info",
    "message": "HTTP REST API Server is now running at http://localhost:9001"
}
{
    "level": "debug",
    "message": "Called getAllCourses()"
}
{
    "level": "debug",
    "message": "Called getAllCourses()"
}
{
    "level": "info",
    "message": "The database has been initialized successfully."
}
{
    "level": "info",
    "message": "HTTP REST API Server is now running at http://localhost:9001"
}
{
    "level": "info",
    "message": "The database has been initialized successfully."
}
{
    "level": "info",
    "message": "HTTP REST API Server is now running at http://localhost:9001"
}
{
    "level": "info",
    "message": "The database has been initialized successfully."
}
{
    "level": "info",
    "message": "HTTP REST API Server is now running at http://localhost:9001"
}
{
    "level": "info",
    "message": "The database has been initialized successfully."
}
{
    "level": "info",
    "message": "HTTP REST API Server is now running at http://localhost:9001"
}
{
    "level": "info",
    "message": "The database has been initialized successfully."
}
{
    "level": "info",
    "message": "HTTP REST API Server is now running at http://localhost:9001"
}
{
    "level": "debug",
    "message": "Called findCourseByUrl()"
}
{
    "level": "error",
    "message": "Could not find a course with url typescript-bootcamp"
}
{
    "level": "info",
    "message": "The database has been initialized successfully."
}
{
    "level": "info",
    "message": "HTTP REST API Server is now running at http://localhost:9001"
}
{
    "level": "debug",
    "message": "Called findCourseByUrl()"
}
{
    "level": "error",
    "message": "Could not find a course with url typescript-bootcamp"
}
{
    "level": "info",
    "message": "The database has been initialized successfully."
}
{
    "level": "info",
    "message": "HTTP REST API Server is now running at http://localhost:9001"
}
{
    "level": "debug",
    "message": "Called findCourseByUrl()"
}
{
    "level": "debug",
    "message": "Called findCourseByUrl()"
}
{
    "level": "debug",
    "message": "Called findCourseByUrl()"
}
{
    "level": "error",
    "message": "Could not find a course with url typescript-bootcam"
}
{
    "level": "debug",
    "message": "Called findCourseByUrl()"
}
{
    "level": "info",
    "message": "The database has been initialized successfully."
}
{
    "level": "info",
    "message": "HTTP REST API Server is now running at http://localhost:9001"
}
{
    "level": "info",
    "message": "The database has been initialized successfully."
}
{
    "level": "info",
    "message": "HTTP REST API Server is now running at http://localhost:9001"
}
{
    "level": "info",
    "message": "The database has been initialized successfully."
}
{
    "level": "info",
    "message": "HTTP REST API Server is now running at http://localhost:9001"
}
{
    "level": "info",
    "message": "The database has been initialized successfully."
}
{
    "level": "info",
    "message": "HTTP REST API Server is now running at http://localhost:9001"
}
{
    "level": "info",
    "message": "The database has been initialized successfully."
}
{
    "level": "info",
    "message": "HTTP REST API Server is now running at http://localhost:9001"
}
{
    "level": "debug",
    "message": "Called getAllCourses()"
}
{
    "level": "debug",
    "message": "Called findLessonsForCourse()"
}
{
    "level": "debug",
    "message": "Called getAllCourses()"
}
{
    "level": "debug",
    "message": "Called findLessonsForCourse()"
}
{
    "level": "debug",
    "message": "Called findLessonsForCourse()"
}
{
    "level": "debug",
    "message": "Called findLessonsForCourse()"
}
{
    "level": "info",
    "message": "The database has been initialized successfully."
}
{
    "level": "info",
    "message": "HTTP REST API Server is now running at http://localhost:9001"
}
{
    "level": "info",
    "message": "The database has been initialized successfully."
}
{
    "level": "info",
    "message": "HTTP REST API Server is now running at http://localhost:9001"
}
{
    "level": "info",
    "message": "The database has been initialized successfully."
}
{
    "level": "info",
    "message": "HTTP REST API Server is now running at http://localhost:9001"
}
{
    "level": "info",
    "message": "The database has been initialized successfully."
}
{
    "level": "info",
    "message": "HTTP REST API Server is now running at http://localhost:9001"
}
{
    "level": "info",
    "message": "The database has been initialized successfully."
}
{
    "level": "info",
    "message": "HTTP REST API Server is now running at http://localhost:9001"
}
{
    "level": "debug",
    "message": "Called updateCourse()"
}
{
    "level": "debug",
    "message": "Called getAllCourses()"
}
{
    "level": "debug",
    "message": "Called updateCourse()"
}
{
    "level": "debug",
    "message": "Called getAllCourses()"
}
{
    "level": "info",
    "message": "The database has been initialized successfully."
}
{
    "level": "info",
    "message": "HTTP REST API Server is now running at http://localhost:9001"
}
{
    "level": "info",
    "message": "The database has been initialized successfully."
}
{
    "level": "info",
    "message": "HTTP REST API Server is now running at http://localhost:9001"
}
{
    "level": "info",
    "message": "The database has been initialized successfully."
}
{
    "level": "info",
    "message": "HTTP REST API Server is now running at http://localhost:9001"
}
{
    "level": "info",
    "message": "The database has been initialized successfully."
}
{
    "level": "info",
    "message": "HTTP REST API Server is now running at http://localhost:9001"
}
{
    "level": "info",
    "message": "The database has been initialized successfully."
}
{
    "level": "info",
    "message": "HTTP REST API Server is now running at http://localhost:9001"
}
{
    "level": "info",
    "message": "The database has been initialized successfully."
}
{
    "level": "info",
    "message": "HTTP REST API Server is now running at http://localhost:9001"
}
{
    "level": "info",
    "message": "The database has been initialized successfully."
}
{
    "level": "info",
    "message": "HTTP REST API Server is now running at http://localhost:9001"
}
{
    "level": "info",
    "message": "The database has been initialized successfully."
}
{
    "level": "info",
    "message": "HTTP REST API Server is now running at http://localhost:9001"
}
{
    "level": "info",
    "message": "The database has been initialized successfully."
}
{
    "level": "info",
    "message": "The database has been initialized successfully."
}
{
    "level": "info",
    "message": "HTTP REST API Server is now running at http://localhost:9001"
}
{
    "level": "debug",
    "message": "Called createCourse()"
}
{
    "level": "debug",
    "message": "Called getAllCourses()"
}
{
    "level": "debug",
    "message": "Called getAllCourses()"
}
{
    "level": "info",
    "message": "The database has been initialized successfully."
}
{
    "level": "info",
    "message": "HTTP REST API Server is now running at http://localhost:9001"
}
{
    "level": "info",
    "message": "The database has been initialized successfully."
}
{
    "level": "info",
    "message": "HTTP REST API Server is now running at http://localhost:9001"
}
{
    "level": "info",
    "message": "The database has been initialized successfully."
}
{
    "level": "info",
    "message": "HTTP REST API Server is now running at http://localhost:9001"
}
{
    "level": "info",
    "message": "The database has been initialized successfully."
}
{
    "level": "info",
    "message": "HTTP REST API Server is now running at http://localhost:9001"
}
{
    "level": "debug",
    "message": "Called getAllCourses()"
}
{
    "level": "debug",
    "message": "Called getAllCourses()"
}
{
    "level": "debug",
    "message": "Called deleteCourseAndLessons()"
}
{
    "level": "info",
    "message": "The database has been initialized successfully."
}
{
    "level": "info",
    "message": "HTTP REST API Server is now running at http://localhost:9001"
}
{
    "level": "info",
    "message": "The database has been initialized successfully."
}
{
    "level": "info",
    "message": "HTTP REST API Server is now running at http://localhost:9001"
}
{
    "level": "info",
    "message": "The database has been initialized successfully."
}
{
    "level": "info",
    "message": "HTTP REST API Server is now running at http://localhost:9001"
}
{
    "level": "info",
    "message": "The database has been initialized successfully."
}
{
    "level": "info",
    "message": "HTTP REST API Server is now running at http://localhost:9001"
}
{
    "level": "info",
    "message": "The database has been initialized successfully."
}
{
    "level": "info",
    "message": "HTTP REST API Server is now running at http://localhost:9001"
}
{
    "level": "info",
    "message": "The database has been initialized successfully."
}
{
    "level": "info",
    "message": "HTTP REST API Server is now running at http://localhost:9001"
}
{
    "level": "info",
    "message": "The database has been initialized successfully."
}
{
    "level": "info",
    "message": "HTTP REST API Server is now running at http://localhost:9001"
}
{
    "level": "info",
    "message": "The database has been initialized successfully."
}
{
    "level": "info",
    "message": "HTTP REST API Server is now running at http://localhost:9001"
}
{
    "level": "info",
    "message": "The database has been initialized successfully."
}
{
    "level": "info",
    "message": "HTTP REST API Server is now running at http://localhost:9001"
}
{
    "level": "info",
    "message": "The database has been initialized successfully."
}
{
    "level": "info",
    "message": "HTTP REST API Server is now running at http://localhost:9001"
}
{
    "level": "info",
    "message": "The database has been initialized successfully."
}
{
    "level": "info",
    "message": "HTTP REST API Server is now running at http://localhost:9001"
}
{
    "level": "info",
    "message": "The database has been initialized successfully."
}
{
    "level": "info",
    "message": "HTTP REST API Server is now running at http://localhost:9001"
}
{
    "level": "info",
    "message": "The database has been initialized successfully."
}
{
    "level": "info",
    "message": "HTTP REST API Server is now running at http://localhost:9001"
}
{
    "level": "info",
    "message": "The database has been initialized successfully."
}
{
    "level": "info",
    "message": "HTTP REST API Server is now running at http://localhost:9001"
}
{
    "level": "debug",
    "message": "Called getAllCourses()"
}
{
    "level": "debug",
    "message": "Called createUser()"
}
{
    "level": "info",
    "message": "User new-user@angular-university.io has been created."
}
{
    "level": "info",
    "message": "The database has been initialized successfully."
}
{
    "level": "info",
    "message": "HTTP REST API Server is now running at http://localhost:9001"
}
{
    "level": "info",
    "message": "The database has been initialized successfully."
}
{
    "level": "info",
    "message": "HTTP REST API Server is now running at http://localhost:9001"
}
{
    "level": "info",
    "message": "The database has been initialized successfully."
}
{
    "level": "info",
    "message": "HTTP REST API Server is now running at http://localhost:9001"
}
{
    "level": "debug",
    "message": "Called login()"
}
{
    "level": "info",
    "message": "User test@angular-university.io has now logged in."
}
{
    "level": "info",
    "message": "The database has been initialized successfully."
}
{
    "level": "info",
    "message": "HTTP REST API Server is now running at http://localhost:9001"
}
{
    "level": "info",
    "message": "The database has been initialized successfully."
}
{
    "level": "info",
    "message": "HTTP REST API Server is now running at http://localhost:9001"
}
{
    "level": "info",
    "message": "The database has been initialized successfully."
}
{
    "level": "info",
    "message": "HTTP REST API Server is now running at http://localhost:9001"
}
{
    "level": "info",
    "message": "The database has been initialized successfully."
}
{
    "level": "info",
    "message": "HTTP REST API Server is now running at http://localhost:9001"
}
{
    "level": "info",
    "message": "The database has been initialized successfully."
}
{
    "level": "info",
    "message": "HTTP REST API Server is now running at http://localhost:9001"
}
{
    "level": "info",
    "message": "The database has been initialized successfully."
}
{
    "level": "info",
    "message": "HTTP REST API Server is now running at http://localhost:9001"
}
{
    "level": "info",
    "message": "The database has been initialized successfully."
}
{
    "level": "info",
    "message": "HTTP REST API Server is now running at http://localhost:9001"
}
{
    "level": "info",
    "message": "The database has been initialized successfully."
}
{
    "level": "info",
    "message": "HTTP REST API Server is now running at http://localhost:9001"
}
{
    "level": "info",
    "message": "The database has been initialized successfully."
}
{
    "level": "info",
    "message": "HTTP REST API Server is now running at http://localhost:9001"
}
{
    "level": "info",
    "message": "The database has been initialized successfully."
}
{
    "level": "info",
    "message": "HTTP REST API Server is now running at http://localhost:9001"
}
{
    "level": "debug",
    "message": "Called getAllCourses()"
}
{
    "level": "info",
    "message": "The database has been initialized successfully."
}
{
    "level": "info",
    "message": "HTTP REST API Server is now running at http://localhost:9001"
}
{
    "level": "info",
    "message": "The authentication JWT is not present, access denied."
}
{
    "level": "info",
    "message": "The database has been initialized successfully."
}
{
    "level": "info",
    "message": "HTTP REST API Server is now running at http://localhost:9001"
}
{
    "level": "info",
    "message": "The database has been initialized successfully."
}
{
    "level": "info",
    "message": "HTTP REST API Server is now running at http://localhost:9001"
}
{
    "level": "debug",
    "message": "Called login()"
}
{
    "level": "info",
    "message": "User test@angular-university.io has now logged in."
}
{
    "level": "debug",
    "message": "Called login()"
}
{
    "level": "error",
    "message": "Error calling login()"
}
{
    "level": "error",
    "message": "Default error handler triggered; reason: "
}
{
    "level": "debug",
    "message": "Called login()"
}
{
    "level": "info",
    "message": "User test@angular-university.io has now logged in."
}
{
    "email": "test@angular-university.io",
    "iat": 1676087008,
    "isAdmin": false,
    "level": "info",
    "message": "Found user details in JWT:",
    "userId": 1
}
{
    "email": "test@angular-university.io",
    "iat": 1676087008,
    "isAdmin": false,
    "level": "info",
    "message": "Authentication JWT successfully decoded:",
    "userId": 1
}
{
    "level": "debug",
    "message": "Called createCourse()"
}
{
    "level": "error",
    "message": "Error calling createCourse()"
}
{
    "code": "23502",
    "column": "url",
    "detail": "Failing row contains (62, 16, null, null, null, null, null, 2023-02-10 21:45:10.267184, 2023-02-10 21:45:10.267184).",
    "driverError": {
        "code": "23502",
        "column": "url",
        "detail": "Failing row contains (62, 16, null, null, null, null, null, 2023-02-10 21:45:10.267184, 2023-02-10 21:45:10.267184).",
        "file": "execmain.c",
        "length": 280,
        "line": "1974",
        "name": "error",
        "routine": "ExecConstraints",
        "schema": "public",
        "severity": "ERROR",
        "table": "COURSES"
    },
    "file": "execmain.c",
    "length": 280,
    "level": "error",
    "line": "1974",
    "message": "Default error handler triggered; reason:  null value in column \"url\" of relation \"COURSES\" violates not-null constraint",
    "parameters": [
        16
    ],
    "query": "INSERT INTO \"COURSES\"(\"seqNo\", \"url\", \"title\", \"iconUrl\", \"longDescription\", \"category\", \"createdAt\", \"lastUpdatedAt\") VALUES ($1, DEFAULT, DEFAULT, DEFAULT, DEFAULT, DEFAULT, DEFAULT, DEFAULT) RETURNING \"id\", \"createdAt\", \"lastUpdatedAt\"",
    "routine": "ExecConstraints",
    "schema": "public",
    "severity": "ERROR",
    "stack": "QueryFailedError: null value in column \"url\" of relation \"COURSES\" violates not-null constraint\n    at PostgresQueryRunner.query (C:\\GITHUB\\Typescript_REST_API\\node_modules\\typeorm\\driver\\postgres\\PostgresQueryRunner.js:211:19)\n    at process.processTicksAndRejections (node:internal/process/task_queues:95:5)\n    at async InsertQueryBuilder.execute (C:\\GITHUB\\Typescript_REST_API\\node_modules\\typeorm\\query-builder\\InsertQueryBuilder.js:106:33)\n    at async SubjectExecutor.executeInsertOperations (C:\\GITHUB\\Typescript_REST_API\\node_modules\\typeorm\\persistence\\SubjectExecutor.js:260:42)\n    at async SubjectExecutor.execute (C:\\GITHUB\\Typescript_REST_API\\node_modules\\typeorm\\persistence\\SubjectExecutor.js:92:9)\n    at async EntityPersistExecutor.execute (C:\\GITHUB\\Typescript_REST_API\\node_modules\\typeorm\\persistence\\EntityPersistExecutor.js:148:21)",
    "table": "COURSES"
}
{
    "email": "test@angular-university.io",
    "iat": 1676087008,
    "isAdmin": false,
    "level": "info",
    "message": "Found user details in JWT:",
    "userId": 1
}
{
    "email": "test@angular-university.io",
    "iat": 1676087008,
    "isAdmin": false,
    "level": "info",
    "message": "Authentication JWT successfully decoded:",
    "userId": 1
}
{
    "email": "test@angular-university.io",
    "iat": 1676087008,
    "isAdmin": false,
    "level": "debug",
    "message": "Called getAllCourses()",
    "userId": 1
}
{
    "level": "info",
    "message": "The database has been initialized successfully."
}
{
    "level": "info",
    "message": "HTTP REST API Server is now running at http://localhost:9001"
}
{
    "level": "info",
    "message": "The database has been initialized successfully."
}
{
    "level": "info",
    "message": "HTTP REST API Server is now running at http://localhost:9001"
}
{
    "level": "info",
    "message": "The database has been initialized successfully."
}
{
    "level": "info",
    "message": "HTTP REST API Server is now running at http://localhost:9001"
}
{
    "level": "info",
    "message": "The database has been initialized successfully."
}
{
    "level": "info",
    "message": "HTTP REST API Server is now running at http://localhost:9001"
}
{
    "level": "info",
    "message": "The database has been initialized successfully."
}
{
    "level": "info",
    "message": "HTTP REST API Server is now running at http://localhost:9001"
}
{
    "level": "info",
    "message": "The database has been initialized successfully."
}
{
    "level": "info",
    "message": "HTTP REST API Server is now running at http://localhost:9001"
}
{
    "level": "info",
    "message": "The database has been initialized successfully."
}
{
    "level": "info",
    "message": "HTTP REST API Server is now running at http://localhost:9001"
}
{
    "level": "info",
    "message": "The authentication JWT is not present, access denied."
}
{
    "level": "info",
    "message": "The database has been initialized successfully."
}
{
    "level": "info",
    "message": "HTTP REST API Server is now running at http://localhost:9001"
}
{
    "level": "debug",
    "message": "Called login()"
}
{
    "level": "info",
    "message": "User test@angular-university.io has now logged in."
}
{
    "email": "test@angular-university.io",
    "iat": 1676088450,
    "isAdmin": false,
    "level": "info",
    "message": "Found user details in JWT:",
    "userId": 1
}
{
    "email": "test@angular-university.io",
    "iat": 1676088450,
    "isAdmin": false,
    "level": "info",
    "message": "Authentication JWT successfully decoded:",
    "userId": 1
}
{
    "email": "test@angular-university.io",
    "iat": 1676088450,
    "isAdmin": false,
    "level": "debug",
    "message": "Called getAllCourses()",
    "userId": 1
}
{
    "level": "info",
    "message": "The authentication JWT is not present, access denied."
}
{
    "body": "{\"email\": \"new-user@angular-university.io\", \"pictureUrl\":\"https://avatars.githubusercontent.com/u/5454709\", \"p\nassword\": \"test123\", \"isAdmin\": false}",
    "expose": true,
    "level": "error",
    "message": "Default error handler triggered; reason:  Unexpected token \n in JSON at position 110",
    "stack": "SyntaxError: Unexpected token \n in JSON at position 110\n    at JSON.parse (<anonymous>)\n    at parse (C:\\GITHUB\\Typescript_REST_API\\node_modules\\body-parser\\lib\\types\\json.js:89:19)\n    at C:\\GITHUB\\Typescript_REST_API\\node_modules\\body-parser\\lib\\read.js:128:18\n    at AsyncResource.runInAsyncScope (node:async_hooks:203:9)\n    at invokeCallback (C:\\GITHUB\\Typescript_REST_API\\node_modules\\raw-body\\index.js:231:16)\n    at done (C:\\GITHUB\\Typescript_REST_API\\node_modules\\raw-body\\index.js:220:7)\n    at IncomingMessage.onEnd (C:\\GITHUB\\Typescript_REST_API\\node_modules\\raw-body\\index.js:280:7)\n    at IncomingMessage.emit (node:events:513:28)\n    at endReadableNT (node:internal/streams/readable:1359:12)\n    at process.processTicksAndRejections (node:internal/process/task_queues:82:21)",
    "status": 400,
    "statusCode": 400,
    "type": "entity.parse.failed"
}
{
    "email": "test@angular-university.io",
    "iat": 1676088450,
    "isAdmin": false,
    "level": "info",
    "message": "Found user details in JWT:",
    "userId": 1
}
{
    "email": "test@angular-university.io",
    "iat": 1676088450,
    "isAdmin": false,
    "level": "info",
    "message": "Authentication JWT successfully decoded:",
    "userId": 1
}
{
    "level": "error",
    "message": "The user is not an admin, access denied"
}
{
    "level": "debug",
    "message": "Called login()"
}
{
    "level": "info",
    "message": "User admin@angular-university.io has now logged in."
}
{
    "email": "admin@angular-university.io",
    "iat": 1676089422,
    "isAdmin": true,
    "level": "info",
    "message": "Found user details in JWT:",
    "userId": 2
}
{
    "email": "admin@angular-university.io",
    "iat": 1676089422,
    "isAdmin": true,
    "level": "info",
    "message": "Authentication JWT successfully decoded:",
    "userId": 2
}
{
    "level": "debug",
    "message": "The user is a valid admin, granting access."
}
{
    "level": "debug",
    "message": "Called createUser()"
}
{
    "level": "error",
    "message": "User with email new-user@angular-university.io already exists, aborting."
}
{
    "email": "admin@angular-university.io",
    "iat": 1676089422,
    "isAdmin": true,
    "level": "info",
    "message": "Found user details in JWT:",
    "userId": 2
}
{
    "email": "admin@angular-university.io",
    "iat": 1676089422,
    "isAdmin": true,
    "level": "info",
    "message": "Authentication JWT successfully decoded:",
    "userId": 2
}
{
    "level": "debug",
    "message": "The user is a valid admin, granting access."
}
{
    "level": "debug",
    "message": "Called createUser()"
}
{
    "level": "info",
    "message": "User new-user2@angular-university.io has been created."
}
{
    "level": "info",
    "message": "The database has been initialized successfully."
}
{
    "level": "info",
    "message": "HTTP REST API Server is now running at http://localhost:9001"
}
