{
    "level": "error",
    "message": "Error during datasource initialization. The server does not support SSL connections",
    "stack": "Error: The server does not support SSL connections\n    at Socket.<anonymous> (C:\\GITHUB\\Typescript_REST_API\\node_modules\\pg\\lib\\connection.js:76:37)\n    at Object.onceWrapper (node:events:628:26)\n    at Socket.emit (node:events:513:28)\n    at addChunk (node:internal/streams/readable:324:12)\n    at readableAddChunk (node:internal/streams/readable:297:9)\n    at Readable.push (node:internal/streams/readable:234:10)\n    at TCP.onStreamRead (node:internal/stream_base_commons:190:23)"
}
{
    "level": "error",
    "message": "Error during datasource initialization. The server does not support SSL connections",
    "stack": "Error: The server does not support SSL connections\n    at Socket.<anonymous> (C:\\GITHUB\\Typescript_REST_API\\node_modules\\pg\\lib\\connection.js:76:37)\n    at Object.onceWrapper (node:events:628:26)\n    at Socket.emit (node:events:513:28)\n    at addChunk (node:internal/streams/readable:324:12)\n    at readableAddChunk (node:internal/streams/readable:297:9)\n    at Readable.push (node:internal/streams/readable:234:10)\n    at TCP.onStreamRead (node:internal/stream_base_commons:190:23)"
}
{
    "level": "error",
    "message": "Error during datasource initialization. The server does not support SSL connections",
    "stack": "Error: The server does not support SSL connections\n    at Socket.<anonymous> (C:\\GITHUB\\Typescript_REST_API\\node_modules\\pg\\lib\\connection.js:76:37)\n    at Object.onceWrapper (node:events:628:26)\n    at Socket.emit (node:events:513:28)\n    at addChunk (node:internal/streams/readable:324:12)\n    at readableAddChunk (node:internal/streams/readable:297:9)\n    at Readable.push (node:internal/streams/readable:234:10)\n    at TCP.onStreamRead (node:internal/stream_base_commons:190:23)"
}
{
    "code": "3D000",
    "file": "postinit.c",
    "length": 98,
    "level": "error",
    "line": "943",
    "message": "Error during datasource initialization. database \"PostgreSQL 15\" does not exist",
    "name": "error",
    "routine": "InitPostgres",
    "severity": "FATAL",
    "stack": "error: database \"PostgreSQL 15\" does not exist\n    at Parser.parseErrorMessage (C:\\GITHUB\\Typescript_REST_API\\node_modules\\pg-protocol\\dist\\parser.js:287:98)\n    at Parser.handlePacket (C:\\GITHUB\\Typescript_REST_API\\node_modules\\pg-protocol\\dist\\parser.js:126:29)\n    at Parser.parse (C:\\GITHUB\\Typescript_REST_API\\node_modules\\pg-protocol\\dist\\parser.js:39:38)\n    at Socket.<anonymous> (C:\\GITHUB\\Typescript_REST_API\\node_modules\\pg-protocol\\dist\\index.js:11:42)\n    at Socket.emit (node:events:513:28)\n    at addChunk (node:internal/streams/readable:324:12)\n    at readableAddChunk (node:internal/streams/readable:297:9)\n    at Readable.push (node:internal/streams/readable:234:10)\n    at TCP.onStreamRead (node:internal/stream_base_commons:190:23)"
}
{
    "code": "3D000",
    "file": "postinit.c",
    "length": 98,
    "level": "error",
    "line": "943",
    "message": "Error during datasource initialization. database \"PostgreSQL 15\" does not exist",
    "name": "error",
    "routine": "InitPostgres",
    "severity": "FATAL",
    "stack": "error: database \"PostgreSQL 15\" does not exist\n    at Parser.parseErrorMessage (C:\\GITHUB\\Typescript_REST_API\\node_modules\\pg-protocol\\dist\\parser.js:287:98)\n    at Parser.handlePacket (C:\\GITHUB\\Typescript_REST_API\\node_modules\\pg-protocol\\dist\\parser.js:126:29)\n    at Parser.parse (C:\\GITHUB\\Typescript_REST_API\\node_modules\\pg-protocol\\dist\\parser.js:39:38)\n    at Socket.<anonymous> (C:\\GITHUB\\Typescript_REST_API\\node_modules\\pg-protocol\\dist\\index.js:11:42)\n    at Socket.emit (node:events:513:28)\n    at addChunk (node:internal/streams/readable:324:12)\n    at readableAddChunk (node:internal/streams/readable:297:9)\n    at Readable.push (node:internal/streams/readable:234:10)\n    at TCP.onStreamRead (node:internal/stream_base_commons:190:23)"
}
{
    "code": "3D000",
    "file": "postinit.c",
    "length": 99,
    "level": "error",
    "line": "943",
    "message": "Error during datasource initialization. database \"PostgresSQL 15\" does not exist",
    "name": "error",
    "routine": "InitPostgres",
    "severity": "FATAL",
    "stack": "error: database \"PostgresSQL 15\" does not exist\n    at Parser.parseErrorMessage (C:\\GITHUB\\Typescript_REST_API\\node_modules\\pg-protocol\\dist\\parser.js:287:98)\n    at Parser.handlePacket (C:\\GITHUB\\Typescript_REST_API\\node_modules\\pg-protocol\\dist\\parser.js:126:29)\n    at Parser.parse (C:\\GITHUB\\Typescript_REST_API\\node_modules\\pg-protocol\\dist\\parser.js:39:38)\n    at Socket.<anonymous> (C:\\GITHUB\\Typescript_REST_API\\node_modules\\pg-protocol\\dist\\index.js:11:42)\n    at Socket.emit (node:events:513:28)\n    at addChunk (node:internal/streams/readable:324:12)\n    at readableAddChunk (node:internal/streams/readable:297:9)\n    at Readable.push (node:internal/streams/readable:234:10)\n    at TCP.onStreamRead (node:internal/stream_base_commons:190:23)"
}
{
    "level": "error",
    "message": "Error calling getAllCourses()"
}
{
    "error": "Thrown ERROR",
    "level": "error",
    "message": "Default error handler triggered; reason: "
}
{
    "level": "error",
    "message": "Could not find a course with url typescript-bootcamp"
}
{
    "level": "error",
    "message": "Could not find a course with url typescript-bootcamp"
}
{
    "level": "error",
    "message": "Could not find a course with url typescript-bootcam"
}
{
    "level": "error",
    "message": "Error calling login()"
}
{
    "level": "error",
    "message": "Default error handler triggered; reason: "
}
{
    "level": "error",
    "message": "Error calling createCourse()"
}
{
    "code": "23502",
    "column": "url",
    "detail": "Failing row contains (62, 16, null, null, null, null, null, 2023-02-10 21:45:10.267184, 2023-02-10 21:45:10.267184).",
    "driverError": {
        "code": "23502",
        "column": "url",
        "detail": "Failing row contains (62, 16, null, null, null, null, null, 2023-02-10 21:45:10.267184, 2023-02-10 21:45:10.267184).",
        "file": "execmain.c",
        "length": 280,
        "line": "1974",
        "name": "error",
        "routine": "ExecConstraints",
        "schema": "public",
        "severity": "ERROR",
        "table": "COURSES"
    },
    "file": "execmain.c",
    "length": 280,
    "level": "error",
    "line": "1974",
    "message": "Default error handler triggered; reason:  null value in column \"url\" of relation \"COURSES\" violates not-null constraint",
    "parameters": [
        16
    ],
    "query": "INSERT INTO \"COURSES\"(\"seqNo\", \"url\", \"title\", \"iconUrl\", \"longDescription\", \"category\", \"createdAt\", \"lastUpdatedAt\") VALUES ($1, DEFAULT, DEFAULT, DEFAULT, DEFAULT, DEFAULT, DEFAULT, DEFAULT) RETURNING \"id\", \"createdAt\", \"lastUpdatedAt\"",
    "routine": "ExecConstraints",
    "schema": "public",
    "severity": "ERROR",
    "stack": "QueryFailedError: null value in column \"url\" of relation \"COURSES\" violates not-null constraint\n    at PostgresQueryRunner.query (C:\\GITHUB\\Typescript_REST_API\\node_modules\\typeorm\\driver\\postgres\\PostgresQueryRunner.js:211:19)\n    at process.processTicksAndRejections (node:internal/process/task_queues:95:5)\n    at async InsertQueryBuilder.execute (C:\\GITHUB\\Typescript_REST_API\\node_modules\\typeorm\\query-builder\\InsertQueryBuilder.js:106:33)\n    at async SubjectExecutor.executeInsertOperations (C:\\GITHUB\\Typescript_REST_API\\node_modules\\typeorm\\persistence\\SubjectExecutor.js:260:42)\n    at async SubjectExecutor.execute (C:\\GITHUB\\Typescript_REST_API\\node_modules\\typeorm\\persistence\\SubjectExecutor.js:92:9)\n    at async EntityPersistExecutor.execute (C:\\GITHUB\\Typescript_REST_API\\node_modules\\typeorm\\persistence\\EntityPersistExecutor.js:148:21)",
    "table": "COURSES"
}
